<?xml version="1.0" encoding="UTF-8" ?>
<testsuite tests="54" failures="0" name="br.com.contmatic.empresa.EnderecoTest" time="0" errors="0" skipped="0">
  <properties>
[...]
</properties>
  <testcase classname="br.com.contmatic.empresa.EnderecoTest" name="deve_aceitar_bairro_valido" time="0"/>
  <testcase classname="br.com.contmatic.empresa.EnderecoTest" name="deve_aceitar_cep_valido" time="0"/>
  <testcase classname="br.com.contmatic.empresa.EnderecoTest" name="deve_aceitar_logradouro_valido" time="0"/>
  <testcase classname="br.com.contmatic.empresa.EnderecoTest" name="deve_aceitar_municipio_valido" time="0"/>
  <testcase classname="br.com.contmatic.empresa.EnderecoTest" name="deve_aceitar_uf_valido" time="0"/>
  <testcase classname="br.com.contmatic.empresa.EnderecoTest" name="deve_apontar_igualdade_bairro" time="0"/>
  <testcase classname="br.com.contmatic.empresa.EnderecoTest" name="deve_apontar_igualdade_cep" time="0"/>
  <testcase classname="br.com.contmatic.empresa.EnderecoTest" name="deve_apontar_igualdade_de_objetos_utilizando_equals" time="0"/>
  <testcase classname="br.com.contmatic.empresa.EnderecoTest" name="deve_apontar_igualdade_de_objetos_utilizando_hashcode" time="0"/>
  <testcase classname="br.com.contmatic.empresa.EnderecoTest" name="deve_apontar_igualdade_logradouro" time="0"/>
  <testcase classname="br.com.contmatic.empresa.EnderecoTest" name="deve_apontar_igualdade_municipio" time="0"/>
  <testcase classname="br.com.contmatic.empresa.EnderecoTest" name="deve_apontar_igualdade_uf" time="0"/>
  <testcase classname="br.com.contmatic.empresa.EnderecoTest" name="deve_apresentar_os_dados_do_endereco_com_alteracoes" time="0"/>
  <testcase classname="br.com.contmatic.empresa.EnderecoTest" name="deve_apresentar_os_dados_do_endereco_no_console" time="0"/>
  <testcase classname="br.com.contmatic.empresa.EnderecoTest" name="nao_deve_aceitar_bairro_invalido" time="0"/>
  <testcase classname="br.com.contmatic.empresa.EnderecoTest" name="nao_deve_aceitar_bairro_nulo" time="0"/>
  <testcase classname="br.com.contmatic.empresa.EnderecoTest" name="nao_deve_aceitar_bairro_vazio" time="0"/>
  <testcase classname="br.com.contmatic.empresa.EnderecoTest" name="nao_deve_aceitar_cep_apenas_com_letras" time="0"/>
  <testcase classname="br.com.contmatic.empresa.EnderecoTest" name="nao_deve_aceitar_cep_com_menos_de_8_digitos" time="0"/>
  <testcase classname="br.com.contmatic.empresa.EnderecoTest" name="nao_deve_aceitar_cep_com_numero_e_letras" time="0"/>
  <testcase classname="br.com.contmatic.empresa.EnderecoTest" name="nao_deve_aceitar_cep_com_numeros_iguais" time="0"/>
  <testcase classname="br.com.contmatic.empresa.EnderecoTest" name="nao_deve_aceitar_cep_com_numeros_iguais1" time="0"/>
  <testcase classname="br.com.contmatic.empresa.EnderecoTest" name="nao_deve_aceitar_cep_com_numeros_iguais2" time="0"/>
  <testcase classname="br.com.contmatic.empresa.EnderecoTest" name="nao_deve_aceitar_cep_com_numeros_iguais3" time="0"/>
  <testcase classname="br.com.contmatic.empresa.EnderecoTest" name="nao_deve_aceitar_cep_com_numeros_iguais4" time="0"/>
  <testcase classname="br.com.contmatic.empresa.EnderecoTest" name="nao_deve_aceitar_cep_com_numeros_iguais5" time="0"/>
  <testcase classname="br.com.contmatic.empresa.EnderecoTest" name="nao_deve_aceitar_cep_com_numeros_iguais6" time="0"/>
  <testcase classname="br.com.contmatic.empresa.EnderecoTest" name="nao_deve_aceitar_cep_com_numeros_iguais7" time="0"/>
  <testcase classname="br.com.contmatic.empresa.EnderecoTest" name="nao_deve_aceitar_cep_com_numeros_iguais8" time="0"/>
  <testcase classname="br.com.contmatic.empresa.EnderecoTest" name="nao_deve_aceitar_cep_com_numeros_iguais9" time="0"/>
  <testcase classname="br.com.contmatic.empresa.EnderecoTest" name="nao_deve_aceitar_cep_em_branco" time="0"/>
  <testcase classname="br.com.contmatic.empresa.EnderecoTest" name="nao_deve_aceitar_cep_nulo" time="0"/>
  <testcase classname="br.com.contmatic.empresa.EnderecoTest" name="nao_deve_aceitar_cep_vazio" time="0"/>
  <testcase classname="br.com.contmatic.empresa.EnderecoTest" name="nao_deve_aceitar_cnpj_com_mais_de_8_digitos" time="0"/>
  <testcase classname="br.com.contmatic.empresa.EnderecoTest" name="nao_deve_aceitar_cnpj_com_numero_e_letras" time="0"/>
  <testcase classname="br.com.contmatic.empresa.EnderecoTest" name="nao_deve_aceitar_logradouro_invalido" time="0"/>
  <testcase classname="br.com.contmatic.empresa.EnderecoTest" name="nao_deve_aceitar_logradouro_nulo" time="0"/>
  <testcase classname="br.com.contmatic.empresa.EnderecoTest" name="nao_deve_aceitar_logradouro_vazio" time="0"/>
  <testcase classname="br.com.contmatic.empresa.EnderecoTest" name="nao_deve_aceitar_municipio_invalido" time="0"/>
  <testcase classname="br.com.contmatic.empresa.EnderecoTest" name="nao_deve_aceitar_municipio_nulo" time="0"/>
  <testcase classname="br.com.contmatic.empresa.EnderecoTest" name="nao_deve_aceitar_municipio_vazio" time="0"/>
  <testcase classname="br.com.contmatic.empresa.EnderecoTest" name="nao_deve_aceitar_uf_apenas_com_numeros" time="0"/>
  <testcase classname="br.com.contmatic.empresa.EnderecoTest" name="nao_deve_aceitar_uf_com_mais_de_2_digitos" time="0"/>
  <testcase classname="br.com.contmatic.empresa.EnderecoTest" name="nao_deve_aceitar_uf_com_menos_de_2_digitos" time="0"/>
  <testcase classname="br.com.contmatic.empresa.EnderecoTest" name="nao_deve_aceitar_uf_invalido" time="0"/>
  <testcase classname="br.com.contmatic.empresa.EnderecoTest" name="nao_deve_aceitar_uf_nulo" time="0"/>
  <testcase classname="br.com.contmatic.empresa.EnderecoTest" name="nao_deve_aceitar_uf_vazio" time="0"/>
  <testcase classname="br.com.contmatic.empresa.EnderecoTest" name="nao_deve_apontar_igualdade_bairro" time="0"/>
  <testcase classname="br.com.contmatic.empresa.EnderecoTest" name="nao_deve_apontar_igualdade_cep" time="0"/>
  <testcase classname="br.com.contmatic.empresa.EnderecoTest" name="nao_deve_apontar_igualdade_de_objetos_utilizando_equals" time="0"/>
  <testcase classname="br.com.contmatic.empresa.EnderecoTest" name="nao_deve_apontar_igualdade_de_objetos_utilizando_hashcode" time="0"/>
  <testcase classname="br.com.contmatic.empresa.EnderecoTest" name="nao_deve_apontar_igualdade_logradouro" time="0"/>
  <testcase classname="br.com.contmatic.empresa.EnderecoTest" name="nao_deve_apontar_igualdade_municipio" time="0"/>
  <testcase classname="br.com.contmatic.empresa.EnderecoTest" name="nao_deve_apontar_igualdade_uf" time="0"/>
</testsuite>